<?xml version="1.0" encoding="UTF-8"?>
<testsuite xmlns:xsi="http://www.w3.org/2001/XMLSchema-instance" xsi:noNamespaceSchemaLocation="https://maven.apache.org/surefire/maven-surefire-plugin/xsd/surefire-test-report-3.0.xsd" version="3.0" name="MealsBookingServiceTest" time="0.111" tests="18" errors="0" skipped="0" failures="0">
  <properties>
[...]
</properties>
  <testcase name="testNonExistentReservation" classname="MealsBookingServiceTest" time="0.032"/>
  <testcase name="testVerifyUsedReservation" classname="MealsBookingServiceTest" time="0.027"/>
  <testcase name="testSuccessfulBooking" classname="MealsBookingServiceTest" time="0.003"/>
  <testcase name="testSuccessfulCheckIn" classname="MealsBookingServiceTest" time="0.001"/>
  <testcase name="testSuccessfulCancellation" classname="MealsBookingServiceTest" time="0.001"/>
  <testcase name="testVerifyValidReservation" classname="MealsBookingServiceTest" time="0.001"/>
  <testcase name="testInvalidServiceShift" classname="MealsBookingServiceTest" time="0.002"/>
  <testcase name="testFailedCheckIn_Cancelled" classname="MealsBookingServiceTest" time="0.001"/>
  <testcase name="testCapacityLimit" classname="MealsBookingServiceTest" time="0.002"/>
  <testcase name="testInvalidStudentId" classname="MealsBookingServiceTest" time="0.001"/>
  <testcase name="testAvailableSpotsAfterCheckIn" classname="MealsBookingServiceTest" time="0.001"/>
  <testcase name="testGetReservation" classname="MealsBookingServiceTest" time="0.001"/>
  <testcase name="testAvailableSpots" classname="MealsBookingServiceTest" time="0.001"/>
  <testcase name="testFailedCheckIn_AlreadyUsed" classname="MealsBookingServiceTest" time="0.001"/>
  <testcase name="testVerifyCancelledReservation" classname="MealsBookingServiceTest" time="0.001"/>
  <testcase name="testDifferentShiftsIndependent" classname="MealsBookingServiceTest" time="0.002"/>
  <testcase name="testFailedCancellation_AlreadyUsed" classname="MealsBookingServiceTest" time="0.001"/>
  <testcase name="testDoubleBookingPrevention" classname="MealsBookingServiceTest" time="0.002"/>
</testsuite>