<?xml version="1.0" encoding="UTF-8"?>
<testsuite xmlns:xsi="http://www.w3.org/2001/XMLSchema-instance" xsi:noNamespaceSchemaLocation="https://maven.apache.org/surefire/maven-surefire-plugin/xsd/surefire-test-report-3.0.xsd" version="3.0" name="bookstore.RunCucumberTest" time="126.037" tests="5" errors="0" skipped="0" failures="0">
  <properties>
[...]
</properties>
  <testcase name="View homepage content" classname="Online Bookstore Search" time="20.736">
    <system-out><![CDATA[
Scenario: View homepage content                     &amp#27;[90m# bookstore/bookstore.feature:9&amp#27;[0m
  &amp#27;[32mGiven &amp#27;[0m&amp#27;[32mI am on the bookstore homepage&amp#27;[0m              &amp#27;[90m# bookstore.BookstoreSteps.iAmOnTheBookstoreHomepage()&amp#27;[0m
  &amp#27;[32mThen &amp#27;[0m&amp#27;[32mI should see books displayed on the homepage&amp#27;[0m &amp#27;[90m# bookstore.BookstoreSteps.iShouldSeeBooksDisplayedOnTheHomepage()&amp#27;[0m
  &amp#27;[32mAnd &amp#27;[0m&amp#27;[32mthe homepage should have a search bar&amp#27;[0m         &amp#27;[90m# bookstore.BookstoreSteps.theHomepageShouldHaveASearchBar()&amp#27;[0m
]]></system-out>
  </testcase>
  <testcase name="Search for books by keyword" classname="Online Bookstore Search" time="16.749">
    <system-out><![CDATA[
Scenario: Search for books by keyword    &amp#27;[90m# bookstore/bookstore.feature:13&amp#27;[0m
  &amp#27;[32mGiven &amp#27;[0m&amp#27;[32mI am on the bookstore homepage&amp#27;[0m   &amp#27;[90m# bookstore.BookstoreSteps.iAmOnTheBookstoreHomepage()&amp#27;[0m
  &amp#27;[32mWhen &amp#27;[0m&amp#27;[32mI search for &amp#27;[0m&amp#27;[32m&amp#27;[1m"Harry"&amp#27;[0m              &amp#27;[90m# bookstore.BookstoreSteps.iSearchFor(java.lang.String)&amp#27;[0m
  &amp#27;[32mThen &amp#27;[0m&amp#27;[32mI should see search results&amp#27;[0m       &amp#27;[90m# bookstore.BookstoreSteps.iShouldSeeSearchResults()&amp#27;[0m
  &amp#27;[32mAnd &amp#27;[0m&amp#27;[32mthe results should contain &amp#27;[0m&amp#27;[32m&amp#27;[1m"Harry"&amp#27;[0m &amp#27;[90m# bookstore.BookstoreSteps.theResultsShouldContain(java.lang.String)&amp#27;[0m
]]></system-out>
  </testcase>
  <testcase name="Browse books by category Fiction" classname="Online Bookstore Search" time="22.365">
    <system-out><![CDATA[
Scenario: Browse books by category Fiction          &amp#27;[90m# bookstore/bookstore.feature:18&amp#27;[0m
  &amp#27;[32mGiven &amp#27;[0m&amp#27;[32mI am on the bookstore homepage&amp#27;[0m              &amp#27;[90m# bookstore.BookstoreSteps.iAmOnTheBookstoreHomepage()&amp#27;[0m
  &amp#27;[32mWhen &amp#27;[0m&amp#27;[32mI select the &amp#27;[0m&amp#27;[32m&amp#27;[1m"Fiction"&amp#27;[0m&amp#27;[32m category&amp#27;[0m              &amp#27;[90m# bookstore.BookstoreSteps.iSelectTheCategory(java.lang.String)&amp#27;[0m
  &amp#27;[32mThen &amp#27;[0m&amp#27;[32mI should see books from the &amp#27;[0m&amp#27;[32m&amp#27;[1mFiction&amp#27;[0m&amp#27;[32m category&amp#27;[0m &amp#27;[90m# bookstore.BookstoreSteps.iShouldSeeBooksFromTheCategory(java.lang.String)&amp#27;[0m
]]></system-out>
  </testcase>
  <testcase name="Browse books by category Mystery" classname="Online Bookstore Search" time="35.232">
    <system-out><![CDATA[
Scenario: Browse books by category Mystery          &amp#27;[90m# bookstore/bookstore.feature:22&amp#27;[0m
  &amp#27;[32mGiven &amp#27;[0m&amp#27;[32mI am on the bookstore homepage&amp#27;[0m              &amp#27;[90m# bookstore.BookstoreSteps.iAmOnTheBookstoreHomepage()&amp#27;[0m
  &amp#27;[32mWhen &amp#27;[0m&amp#27;[32mI select the &amp#27;[0m&amp#27;[32m&amp#27;[1m"Mystery"&amp#27;[0m&amp#27;[32m category&amp#27;[0m              &amp#27;[90m# bookstore.BookstoreSteps.iSelectTheCategory(java.lang.String)&amp#27;[0m
  &amp#27;[32mThen &amp#27;[0m&amp#27;[32mI should see books from the &amp#27;[0m&amp#27;[32m&amp#27;[1mMystery&amp#27;[0m&amp#27;[32m category&amp#27;[0m &amp#27;[90m# bookstore.BookstoreSteps.iShouldSeeBooksFromTheCategory(java.lang.String)&amp#27;[0m
]]></system-out>
  </testcase>
  <testcase name="Browse books by category Horror" classname="Online Bookstore Search" time="30.745">
    <system-out><![CDATA[
Scenario: Browse books by category Horror          &amp#27;[90m# bookstore/bookstore.feature:26&amp#27;[0m
  &amp#27;[32mGiven &amp#27;[0m&amp#27;[32mI am on the bookstore homepage&amp#27;[0m             &amp#27;[90m# bookstore.BookstoreSteps.iAmOnTheBookstoreHomepage()&amp#27;[0m
  &amp#27;[32mWhen &amp#27;[0m&amp#27;[32mI select the &amp#27;[0m&amp#27;[32m&amp#27;[1m"Horror"&amp#27;[0m&amp#27;[32m category&amp#27;[0m              &amp#27;[90m# bookstore.BookstoreSteps.iSelectTheCategory(java.lang.String)&amp#27;[0m
  &amp#27;[32mThen &amp#27;[0m&amp#27;[32mI should see books from the &amp#27;[0m&amp#27;[32m&amp#27;[1mHorror&amp#27;[0m&amp#27;[32m category&amp#27;[0m &amp#27;[90m# bookstore.BookstoreSteps.iShouldSeeBooksFromTheCategory(java.lang.String)&amp#27;[0m
]]></system-out>
  </testcase>
</testsuite>