<?xml version="1.0" encoding="UTF-8"?>
<testsuite xmlns:xsi="http://www.w3.org/2001/XMLSchema-instance" xsi:noNamespaceSchemaLocation="https://maven.apache.org/surefire/maven-surefire-plugin/xsd/surefire-test-report-3.0.xsd" version="3.0" name="StocksPortfolioTest" time="1.232" tests="19" errors="0" skipped="0" failures="0">
  <properties>
[...]
</properties>
  <testcase name="stock_Equals_WithSameValues_ReturnsTrue" classname="StocksPortfolioTest" time="1.083">
    <system-err><![CDATA[WARNING: A Java agent has been loaded dynamically (/home/mufasa/.m2/repository/net/bytebuddy/byte-buddy-agent/1.14.8/byte-buddy-agent-1.14.8.jar)
WARNING: If a serviceability tool is in use, please run with -XX:+EnableDynamicAgentLoading to hide this warning
WARNING: If a serviceability tool is not in use, please run with -Djdk.instrument.traceUsage for more information
WARNING: Dynamic loading of agents will be disallowed by default in a future release
]]></system-err>
  </testcase>
  <testcase name="stock_Constructor_WithNullSymbol_ThrowsException" classname="StocksPortfolioTest" time="0.006"/>
  <testcase name="stock_Constructor_WithValidValues_CreatesStock" classname="StocksPortfolioTest" time="0.006"/>
  <testcase name="constructor_WithNullService_ThrowsException" classname="StocksPortfolioTest" time="0.002"/>
  <testcase name="totalValue_WithMultipleStocks_ReturnsCorrectSum" classname="StocksPortfolioTest" time="0.035"/>
  <testcase name="mostValuableStocks_WithZeroN_ThrowsException" classname="StocksPortfolioTest" time="0.002"/>
  <testcase name="stock_Constructor_WithNegativeQuantity_ThrowsException" classname="StocksPortfolioTest" time="0.002"/>
  <testcase name="stock_Constructor_WithZeroQuantity_ThrowsException" classname="StocksPortfolioTest" time="0.002"/>
  <testcase name="mostValuableStocks_WithEmptyPortfolio_ReturnsEmptyList" classname="StocksPortfolioTest" time="0.011"/>
  <testcase name="stock_Constructor_WithEmptySymbol_ThrowsException" classname="StocksPortfolioTest" time="0.002"/>
  <testcase name="stock_Equals_WithDifferentValues_ReturnsFalse" classname="StocksPortfolioTest" time="0.001"/>
  <testcase name="totalValue_WithSingleStock_ReturnsCorrectValue" classname="StocksPortfolioTest" time="0.003"/>
  <testcase name="totalValue_WithEmptyPortfolio_ReturnsZero" classname="StocksPortfolioTest" time="0.004"/>
  <testcase name="mostValuableStocks_WithTop3_ReturnsCorrectOrder" classname="StocksPortfolioTest" time="0.009"/>
  <testcase name="mostValuableStocks_WithTopNGreaterThanPortfolioSize_ReturnsAllStocks" classname="StocksPortfolioTest" time="0.003"/>
  <testcase name="addStock_WithValidStock_AddsToPortfolio" classname="StocksPortfolioTest" time="0.002"/>
  <testcase name="mostValuableStocks_WithNegativeN_ThrowsException" classname="StocksPortfolioTest" time="0.003"/>
  <testcase name="addStock_WithNullStock_ThrowsException" classname="StocksPortfolioTest" time="0.002"/>
  <testcase name="totalValue_WithExtraUnusedMockExpectations_ShowsLenientBehavior" classname="StocksPortfolioTest" time="0.003"/>
</testsuite>