<?xml version="1.0" encoding="UTF-8"?>
<testsuite xmlns:xsi="http://www.w3.org/2001/XMLSchema-instance" xsi:noNamespaceSchemaLocation="https://maven.apache.org/surefire/maven-surefire-plugin/xsd/surefire-test-report-3.0.xsd" version="3.0" name="library.RunCucumberTest" time="0.281" tests="5" errors="0" skipped="0" failures="0">
  <properties>
[...]
</properties>
  <testcase name="Search books by author" classname="Library Book Search" time="0.05">
    <system-out><![CDATA[
Scenario: Search books by author                                 &amp#27;[90m# library/library.feature:15&amp#27;[0m
  &amp#27;[32mGiven &amp#27;[0m&amp#27;[32ma library with the following books:&amp#27;[0m                      &amp#27;[90m# library.LibrarySteps.aLibraryWithTheFollowingBooks(io.cucumber.datatable.DataTable)&amp#27;[0m
    | title           | author        | category     | publishedDate |
    | Clean Code      | Robert Martin | Programming  | 2008-08-01    |
    | The Pragmatic   | Andy Hunt     | Programming  | 1999-10-20    |
    | Design Patterns | Gang of Four  | Programming  | 1994-10-21    |
    | Domain-Driven   | Eric Evans    | Architecture | 2003-08-20    |
    | Refactoring     | Martin Fowler | Programming  | 2018-11-20    |
  &amp#27;[32mWhen &amp#27;[0m&amp#27;[32mthe customer searches for books by author &amp#27;[0m&amp#27;[32m&amp#27;[1m"Robert Martin"&amp#27;[0m &amp#27;[90m# library.LibrarySteps.theCustomerSearchesForBooksByAuthor(java.lang.String)&amp#27;[0m
  &amp#27;[32mThen &amp#27;[0m&amp#27;[32m&amp#27;[0m&amp#27;[32m&amp#27;[1m1&amp#27;[0m&amp#27;[32m book should be found&amp#27;[0m                                    &amp#27;[90m# library.LibrarySteps.booksShouldBeFound(int)&amp#27;[0m
  &amp#27;[32mAnd &amp#27;[0m&amp#27;[32mthe book title should be &amp#27;[0m&amp#27;[32m&amp#27;[1m"Clean Code"&amp#27;[0m                      &amp#27;[90m# library.LibrarySteps.theBookTitleShouldBe(java.lang.String)&amp#27;[0m
]]></system-out>
  </testcase>
  <testcase name="Search books by category" classname="Library Book Search" time="0.005">
    <system-out><![CDATA[
Scenario: Search books by category                               &amp#27;[90m# library/library.feature:20&amp#27;[0m
  &amp#27;[32mGiven &amp#27;[0m&amp#27;[32ma library with the following books:&amp#27;[0m                      &amp#27;[90m# library.LibrarySteps.aLibraryWithTheFollowingBooks(io.cucumber.datatable.DataTable)&amp#27;[0m
    | title           | author        | category     | publishedDate |
    | Clean Code      | Robert Martin | Programming  | 2008-08-01    |
    | The Pragmatic   | Andy Hunt     | Programming  | 1999-10-20    |
    | Design Patterns | Gang of Four  | Programming  | 1994-10-21    |
    | Domain-Driven   | Eric Evans    | Architecture | 2003-08-20    |
    | Refactoring     | Martin Fowler | Programming  | 2018-11-20    |
  &amp#27;[32mWhen &amp#27;[0m&amp#27;[32mthe customer searches for books in category &amp#27;[0m&amp#27;[32m&amp#27;[1m"Programming"&amp#27;[0m &amp#27;[90m# library.LibrarySteps.theCustomerSearchesForBooksInCategory(java.lang.String)&amp#27;[0m
  &amp#27;[32mThen &amp#27;[0m&amp#27;[32m&amp#27;[0m&amp#27;[32m&amp#27;[1m4&amp#27;[0m&amp#27;[32m books should be found&amp#27;[0m                                   &amp#27;[90m# library.LibrarySteps.booksShouldBeFound(int)&amp#27;[0m
]]></system-out>
  </testcase>
  <testcase name="Search books by title keyword" classname="Library Book Search" time="0.005">
    <system-out><![CDATA[
Scenario: Search books by title keyword                               &amp#27;[90m# library/library.feature:24&amp#27;[0m
  &amp#27;[32mGiven &amp#27;[0m&amp#27;[32ma library with the following books:&amp#27;[0m                           &amp#27;[90m# library.LibrarySteps.aLibraryWithTheFollowingBooks(io.cucumber.datatable.DataTable)&amp#27;[0m
    | title           | author        | category     | publishedDate |
    | Clean Code      | Robert Martin | Programming  | 2008-08-01    |
    | The Pragmatic   | Andy Hunt     | Programming  | 1999-10-20    |
    | Design Patterns | Gang of Four  | Programming  | 1994-10-21    |
    | Domain-Driven   | Eric Evans    | Architecture | 2003-08-20    |
    | Refactoring     | Martin Fowler | Programming  | 2018-11-20    |
  &amp#27;[32mWhen &amp#27;[0m&amp#27;[32mthe customer searches for books with title containing &amp#27;[0m&amp#27;[32m&amp#27;[1m"Design"&amp#27;[0m &amp#27;[90m# library.LibrarySteps.theCustomerSearchesForBooksWithTitleContaining(java.lang.String)&amp#27;[0m
  &amp#27;[32mThen &amp#27;[0m&amp#27;[32m&amp#27;[0m&amp#27;[32m&amp#27;[1m1&amp#27;[0m&amp#27;[32m book should be found&amp#27;[0m                                         &amp#27;[90m# library.LibrarySteps.booksShouldBeFound(int)&amp#27;[0m
]]></system-out>
  </testcase>
  <testcase name="Search with no results" classname="Library Book Search" time="0.004">
    <system-out><![CDATA[
Scenario: Search with no results                                  &amp#27;[90m# library/library.feature:28&amp#27;[0m
  &amp#27;[32mGiven &amp#27;[0m&amp#27;[32ma library with the following books:&amp#27;[0m                       &amp#27;[90m# library.LibrarySteps.aLibraryWithTheFollowingBooks(io.cucumber.datatable.DataTable)&amp#27;[0m
    | title           | author        | category     | publishedDate |
    | Clean Code      | Robert Martin | Programming  | 2008-08-01    |
    | The Pragmatic   | Andy Hunt     | Programming  | 1999-10-20    |
    | Design Patterns | Gang of Four  | Programming  | 1994-10-21    |
    | Domain-Driven   | Eric Evans    | Architecture | 2003-08-20    |
    | Refactoring     | Martin Fowler | Programming  | 2018-11-20    |
  &amp#27;[32mWhen &amp#27;[0m&amp#27;[32mthe customer searches for books by author &amp#27;[0m&amp#27;[32m&amp#27;[1m"Unknown Author"&amp#27;[0m &amp#27;[90m# library.LibrarySteps.theCustomerSearchesForBooksByAuthor(java.lang.String)&amp#27;[0m
  &amp#27;[32mThen &amp#27;[0m&amp#27;[32m&amp#27;[0m&amp#27;[32m&amp#27;[1m0&amp#27;[0m&amp#27;[32m books should be found&amp#27;[0m                                    &amp#27;[90m# library.LibrarySteps.booksShouldBeFound(int)&amp#27;[0m
]]></system-out>
  </testcase>
  <testcase name="Search books by date range" classname="Library Book Search" time="0.01">
    <system-out><![CDATA[
Scenario: Search books by date range                                               &amp#27;[90m# library/library.feature:32&amp#27;[0m
  &amp#27;[32mGiven &amp#27;[0m&amp#27;[32ma library with the following books:&amp#27;[0m                                        &amp#27;[90m# library.LibrarySteps.aLibraryWithTheFollowingBooks(io.cucumber.datatable.DataTable)&amp#27;[0m
    | title           | author        | category     | publishedDate |
    | Clean Code      | Robert Martin | Programming  | 2008-08-01    |
    | The Pragmatic   | Andy Hunt     | Programming  | 1999-10-20    |
    | Design Patterns | Gang of Four  | Programming  | 1994-10-21    |
    | Domain-Driven   | Eric Evans    | Architecture | 2003-08-20    |
    | Refactoring     | Martin Fowler | Programming  | 2018-11-20    |
  &amp#27;[32mWhen &amp#27;[0m&amp#27;[32mthe customer searches for books published between &amp#27;[0m&amp#27;[32m&amp#27;[1m2000-01-01&amp#27;[0m&amp#27;[32m and &amp#27;[0m&amp#27;[32m&amp#27;[1m2010-12-31&amp#27;[0m &amp#27;[90m# library.LibrarySteps.theCustomerSearchesForBooksPublishedBetween(java.time.LocalDate,java.time.LocalDate)&amp#27;[0m
  &amp#27;[32mThen &amp#27;[0m&amp#27;[32m&amp#27;[0m&amp#27;[32m&amp#27;[1m2&amp#27;[0m&amp#27;[32m books should be found&amp#27;[0m                                                     &amp#27;[90m# library.LibrarySteps.booksShouldBeFound(int)&amp#27;[0m
]]></system-out>
  </testcase>
</testsuite>